2023/05/17 15:31:48.484 [I] [asm_amd64.s:1571]  https server Running on https://:443
2023/05/17 15:32:27.261 [I] [asm_amd64.s:1571]  http server Running on http://:8080
2023/05/17 15:32:27.262 [I] [asm_amd64.s:1571]  https server Running on https://:443
2023/05/17 15:32:34.831 [D] [server.go:2916]  |            ::1|[42m 200 [0m|     9.6434ms|   match|[44m GET     [0m /auth/login   r:/auth/login/*
2023/05/17 15:32:34.861 [D] [server.go:2916]  |            ::1|[47m 304 [0m|      827.1µs|   match|[44m GET     [0m /static/components/bootstrap-4.5.0/css/bootstrap.min.css
2023/05/17 15:32:34.864 [D] [server.go:2916]  |            ::1|[47m 304 [0m|     2.0309ms|   match|[44m GET     [0m /static/css/login.css
2023/05/17 15:34:22.133 [D] [server.go:2916]  |            ::1|[47m 302 [0m|     1.4014ms|   match|[44m GET     [0m /     r:/
2023/05/17 15:34:22.234 [D] [server.go:2916]  |            ::1|[42m 200 [0m|     3.2654ms|   match|[44m GET     [0m /auth/login   r:/auth/login/*
2023/05/17 15:34:26.444 [I] [auth.go:48]  用户认证成功: wu 
2023/05/17 15:34:26.445 [D] [server.go:2916]  |            ::1|[47m 302 [0m|    123.305ms|   match|[46m POST    [0m /auth/login   r:/auth/login/*
2023/05/17 15:34:26.459 [D] [server.go:2916]  |            ::1|[42m 200 [0m|     9.6176ms|   match|[44m GET     [0m /user/query   r:/user/query/*
2023/05/17 15:34:26.489 [D] [server.go:2916]  |            ::1|[47m 304 [0m|      996.6µs|   match|[44m GET     [0m /static/css/layout.css
2023/05/17 15:34:32.688 [D] [server.go:2916]  |            ::1|[42m 200 [0m|     9.0418ms|   match|[44m GET     [0m /user/modify   r:/user/modify/*
2023/05/17 15:34:34.517 [D] [server.go:2916]  |            ::1|[47m 302 [0m|    16.2746ms|   match|[46m POST    [0m /user/modify   r:/user/modify/*
2023/05/17 15:34:34.528 [D] [server.go:2916]  |            ::1|[42m 200 [0m|     8.4995ms|   match|[44m GET     [0m /user/query   r:/user/query/*
2023/05/17 15:34:43.132 [D] [server.go:2916]  |            ::1|[42m 200 [0m|     7.2066ms|   match|[44m GET     [0m /password/modify   r:/password/modify/*
2023/05/17 15:34:45.121 [D] [server.go:2916]  |            ::1|[42m 200 [0m|     9.2317ms|   match|[44m GET     [0m /home/index   r:/home/index/*
2023/05/17 15:34:46.364 [D] [server.go:2916]  |            ::1|[42m 200 [0m|    14.7429ms|   match|[44m GET     [0m /user/query   r:/user/query/*
2023/05/17 15:34:47.839 [D] [server.go:2916]  |            ::1|[42m 200 [0m|     7.9146ms|   match|[44m GET     [0m /home/index   r:/home/index/*
2023/05/17 15:34:48.471 [D] [server.go:2916]  |            ::1|[42m 200 [0m|     7.3936ms|   match|[44m GET     [0m /user/query   r:/user/query/*
2023/05/17 15:34:49.522 [D] [server.go:2916]  |            ::1|[42m 200 [0m|     7.9899ms|   match|[44m GET     [0m /user/query   r:/user/query/*
2023/05/17 15:34:50.821 [D] [server.go:2916]  |            ::1|[42m 200 [0m|    12.1331ms|   match|[44m GET     [0m /user/query   r:/user/query/*
2023/05/17 15:34:51.500 [D] [server.go:2916]  |            ::1|[42m 200 [0m|      11.33ms|   match|[44m GET     [0m /user/query   r:/user/query/*
2023/05/17 15:34:52.017 [D] [server.go:2916]  |            ::1|[42m 200 [0m|      8.097ms|   match|[44m GET     [0m /user/query   r:/user/query/*
2023/05/17 15:34:52.185 [D] [server.go:2916]  |            ::1|[42m 200 [0m|     6.5672ms|   match|[44m GET     [0m /user/query   r:/user/query/*
2023/05/17 15:34:52.346 [D] [server.go:2916]  |            ::1|[42m 200 [0m|      8.671ms|   match|[44m GET     [0m /user/query   r:/user/query/*
2023/05/17 15:34:52.489 [D] [server.go:2916]  |            ::1|[42m 200 [0m|     5.8881ms|   match|[44m GET     [0m /user/query   r:/user/query/*
2023/05/17 15:34:52.796 [D] [server.go:2916]  |            ::1|[42m 200 [0m|    10.3007ms|   match|[44m GET     [0m /user/query   r:/user/query/*
2023/05/17 15:34:52.953 [D] [server.go:2916]  |            ::1|[42m 200 [0m|     8.8403ms|   match|[44m GET     [0m /user/query   r:/user/query/*
2023/05/17 15:34:53.105 [D] [server.go:2916]  |            ::1|[42m 200 [0m|     6.6338ms|   match|[44m GET     [0m /user/query   r:/user/query/*
2023/05/17 15:34:53.274 [D] [server.go:2916]  |            ::1|[42m 200 [0m|     7.5572ms|   match|[44m GET     [0m /user/query   r:/user/query/*
2023/05/17 15:34:53.449 [D] [server.go:2916]  |            ::1|[42m 200 [0m|     7.4473ms|   match|[44m GET     [0m /user/query   r:/user/query/*
2023/05/17 15:34:57.783 [D] [server.go:2916]  |            ::1|[47m 302 [0m|      844.4µs|   match|[44m GET     [0m /auth/logout   r:/auth/logout/*
2023/05/17 15:34:57.789 [D] [server.go:2916]  |            ::1|[42m 200 [0m|      3.823ms|   match|[44m GET     [0m /auth/login   r:/auth/login/*
2023/06/01 12:25:32.308 [I] [asm_amd64.s:1571]  http server Running on http://:8080
2023/06/01 12:25:32.310 [I] [asm_amd64.s:1571]  https server Running on https://:443
2023/06/01 12:26:03.441 [D] [server.go:2916]  |            ::1|[47m 302 [0m|     2.9263ms|   match|[44m GET     [0m /     r:/
2023/06/01 12:26:03.448 [D] [server.go:2916]  |            ::1|[42m 200 [0m|     4.9152ms|   match|[44m GET     [0m /auth/login   r:/auth/login/*
2023/06/01 12:26:03.484 [D] [server.go:2916]  |            ::1|[42m 200 [0m|      506.4µs|   match|[44m GET     [0m /static/css/login.css
2023/06/01 12:26:03.727 [D] [server.go:2916]  |            ::1|[42m 200 [0m|   244.6967ms|   match|[44m GET     [0m /static/components/bootstrap-4.5.0/css/bootstrap.min.css
2023/06/01 12:26:03.783 [D] [server.go:2916]  |            ::1|[43m 404 [0m|     3.9702ms| nomatch|[44m GET     [0m /favicon.ico
2023/06/01 12:28:05.011 [D] [server.go:2916]  |            ::1|[47m 302 [0m|     1.8909ms|   match|[44m GET     [0m /     r:/
2023/06/01 12:28:05.017 [D] [server.go:2916]  |            ::1|[42m 200 [0m|     1.9593ms|   match|[44m GET     [0m /auth/login   r:/auth/login/*
2023/06/01 20:50:14.236 [I] [asm_amd64.s:1571]  http server Running on http://:8080
2023/06/01 20:50:14.237 [I] [asm_amd64.s:1571]  https server Running on https://:443
2023/06/01 20:50:20.724 [D] [server.go:2916]  |            ::1|[47m 302 [0m|     2.2585ms|   match|[44m GET     [0m /     r:/
2023/06/01 20:50:20.731 [D] [server.go:2916]  |            ::1|[42m 200 [0m|     4.9507ms|   match|[44m GET     [0m /auth/login   r:/auth/login/*
2023/06/01 20:50:26.927 [I] [auth.go:48]  用户认证成功: admin 
2023/06/01 20:50:26.928 [D] [server.go:2916]  |            ::1|[47m 302 [0m|     86.404ms|   match|[46m POST    [0m /auth/login   r:/auth/login/*
2023/06/01 20:50:27.056 [D] [server.go:2916]  |            ::1|[42m 200 [0m|   126.6032ms|   match|[44m GET     [0m /user/query   r:/user/query/*
2023/06/01 20:50:27.100 [D] [server.go:2916]  |            ::1|[42m 200 [0m|      605.9µs|   match|[44m GET     [0m /static/css/layout.css
2023/06/01 20:50:44.302 [D] [server.go:2916]  |            ::1|[42m 200 [0m|     3.8895ms|   match|[44m GET     [0m /home/index   r:/home/index/*
2023/06/01 20:50:45.143 [D] [server.go:2916]  |            ::1|[42m 200 [0m|     9.7977ms|   match|[44m GET     [0m /user/query   r:/user/query/*
2023/06/01 20:50:45.983 [D] [server.go:2916]  |            ::1|[42m 200 [0m|    11.2266ms|   match|[44m GET     [0m /home/index   r:/home/index/*
2023/06/01 20:50:46.535 [D] [server.go:2916]  |            ::1|[42m 200 [0m|    11.4807ms|   match|[44m GET     [0m /user/query   r:/user/query/*
2023/06/01 20:50:47.083 [D] [server.go:2916]  |            ::1|[42m 200 [0m|     6.4227ms|   match|[44m GET     [0m /home/index   r:/home/index/*
2023/06/01 20:50:47.582 [D] [server.go:2916]  |            ::1|[42m 200 [0m|    10.4503ms|   match|[44m GET     [0m /user/query   r:/user/query/*
2023/06/01 20:50:48.139 [D] [server.go:2916]  |            ::1|[42m 200 [0m|     6.4243ms|   match|[44m GET     [0m /home/index   r:/home/index/*
2023/06/01 20:50:48.686 [D] [server.go:2916]  |            ::1|[42m 200 [0m|     9.7008ms|   match|[44m GET     [0m /user/query   r:/user/query/*
2023/06/01 20:50:49.840 [D] [server.go:2916]  |            ::1|[42m 200 [0m|     8.4556ms|   match|[44m GET     [0m /user/query   r:/user/query/*
2023/06/01 20:50:51.337 [D] [server.go:2916]  |            ::1|[42m 200 [0m|     9.1534ms|   match|[44m GET     [0m /user/query   r:/user/query/*
2023/06/01 20:50:51.866 [D] [server.go:2916]  |            ::1|[42m 200 [0m|    66.1295ms|   match|[44m GET     [0m /user/query   r:/user/query/*
2023/06/01 20:50:52.021 [D] [server.go:2916]  |            ::1|[42m 200 [0m|     5.7031ms|   match|[44m GET     [0m /user/query   r:/user/query/*
2023/06/01 20:50:52.204 [D] [server.go:2916]  |            ::1|[42m 200 [0m|     4.3607ms|   match|[44m GET     [0m /user/query   r:/user/query/*
2023/06/01 20:50:53.104 [D] [server.go:2916]  |            ::1|[42m 200 [0m|     9.1565ms|   match|[44m GET     [0m /user/modify   r:/user/modify/*
2023/06/01 20:50:55.243 [D] [server.go:2916]  |            ::1|[42m 200 [0m|     7.2971ms|   match|[44m GET     [0m /home/index   r:/home/index/*
2023/06/01 20:50:56.205 [D] [server.go:2916]  |            ::1|[42m 200 [0m|      7.278ms|   match|[44m GET     [0m /user/query   r:/user/query/*
2023/06/01 20:50:57.503 [D] [server.go:2916]  |            ::1|[42m 200 [0m|     9.3838ms|   match|[44m GET     [0m /user/query   r:/user/query/*
2023/06/01 20:50:59.981 [D] [server.go:2916]  |            ::1|[42m 200 [0m|     8.7748ms|   match|[44m GET     [0m /home/index   r:/home/index/*
2023/06/01 20:51:01.636 [D] [server.go:2916]  |            ::1|[47m 302 [0m|     1.1456ms|   match|[44m GET     [0m /auth/logout   r:/auth/logout/*
2023/06/01 20:51:01.643 [D] [server.go:2916]  |            ::1|[42m 200 [0m|     3.5544ms|   match|[44m GET     [0m /auth/login   r:/auth/login/*
2023/06/01 20:51:15.941 [E] [auth.go:45]  用户认证失败: wu 
2023/06/01 20:51:15.946 [D] [server.go:2916]  |            ::1|[42m 200 [0m|     9.4895ms|   match|[46m POST    [0m /auth/login   r:/auth/login/*
2023/06/01 20:51:57.800 [I] [auth.go:48]  用户认证成功: admin 
2023/06/01 20:51:57.800 [D] [server.go:2916]  |            ::1|[47m 302 [0m|    87.0556ms|   match|[46m POST    [0m /auth/login   r:/auth/login/*
2023/06/01 20:51:57.811 [D] [server.go:2916]  |            ::1|[42m 200 [0m|     9.1602ms|   match|[44m GET     [0m /user/query   r:/user/query/*
2023/06/01 20:52:00.228 [D] [server.go:2916]  |            ::1|[42m 200 [0m|     8.3988ms|   match|[44m GET     [0m /home/index   r:/home/index/*
2023/06/01 20:52:01.670 [D] [server.go:2916]  |            ::1|[42m 200 [0m|     5.9374ms|   match|[44m GET     [0m /home/index   r:/home/index/*
2023/06/01 20:52:03.834 [D] [server.go:2916]  |            ::1|[42m 200 [0m|     5.3778ms|   match|[44m GET     [0m /user/query   r:/user/query/*
2023/06/01 21:22:06.871 [I] [asm_amd64.s:1571]  http server Running on http://:8080
2023/06/01 21:22:06.873 [I] [asm_amd64.s:1571]  https server Running on https://:443
2023/06/01 21:22:17.351 [D] [controller.go:278]  template Execute err: template: base/templates/nav.html:8:38: executing "base/templates/nav.html" at <eq .nav `home`>: error calling eq: invalid type for comparison
2023/06/01 21:22:17.351 [D] [server.go:2916]  |            ::1|[42m 200 [0m|     7.5858ms|   match|[44m GET     [0m /user/query   r:/user/query/*
2023/06/01 21:22:19.922 [D] [controller.go:278]  template Execute err: template: base/templates/nav.html:8:38: executing "base/templates/nav.html" at <eq .nav `home`>: error calling eq: invalid type for comparison
2023/06/01 21:22:19.922 [D] [server.go:2916]  |            ::1|[42m 200 [0m|     6.0943ms|   match|[44m GET     [0m /user/query   r:/user/query/*
2023/06/01 21:22:20.490 [D] [controller.go:278]  template Execute err: template: base/templates/nav.html:8:38: executing "base/templates/nav.html" at <eq .nav `home`>: error calling eq: invalid type for comparison
2023/06/01 21:22:20.490 [D] [server.go:2916]  |            ::1|[42m 200 [0m|     5.3135ms|   match|[44m GET     [0m /user/query   r:/user/query/*
2023/06/01 21:22:20.703 [D] [controller.go:278]  template Execute err: template: base/templates/nav.html:8:38: executing "base/templates/nav.html" at <eq .nav `home`>: error calling eq: invalid type for comparison
2023/06/01 21:22:20.703 [D] [server.go:2916]  |            ::1|[42m 200 [0m|     7.4329ms|   match|[44m GET     [0m /user/query   r:/user/query/*
2023/06/01 21:22:20.923 [D] [controller.go:278]  template Execute err: template: base/templates/nav.html:8:38: executing "base/templates/nav.html" at <eq .nav `home`>: error calling eq: invalid type for comparison
2023/06/01 21:22:20.923 [D] [server.go:2916]  |            ::1|[42m 200 [0m|     6.9465ms|   match|[44m GET     [0m /user/query   r:/user/query/*
2023/06/01 21:22:23.589 [D] [server.go:2916]  |            ::1|[43m 404 [0m|     6.7619ms| nomatch|[44m GET     [0m /user/
2023/06/01 21:22:26.580 [D] [controller.go:306]  template Execute err: template: base/templates/nav.html:8:38: executing "base/templates/nav.html" at <eq .nav `home`>: error calling eq: invalid type for comparison
2023/06/01 21:22:26.580 [E] [server.go:2916]  template: base/templates/nav.html:8:38: executing "base/templates/nav.html" at <eq .nav `home`>: error calling eq: invalid type for comparison
2023/06/01 21:22:26.580 [D] [server.go:2916]  |            ::1|[42m 200 [0m|     7.3948ms|   match|[44m GET     [0m /     r:/
2023/06/01 21:22:50.779 [D] [controller.go:306]  template Execute err: template: base/templates/nav.html:8:38: executing "base/templates/nav.html" at <eq .nav `home`>: error calling eq: invalid type for comparison
2023/06/01 21:22:50.779 [E] [server.go:2916]  template: base/templates/nav.html:8:38: executing "base/templates/nav.html" at <eq .nav `home`>: error calling eq: invalid type for comparison
2023/06/01 21:22:50.779 [D] [server.go:2916]  |            ::1|[42m 200 [0m|    10.0237ms|   match|[44m GET     [0m /home/index   r:/home/index/*
2023/06/01 21:22:54.552 [D] [server.go:2916]  |            ::1|[43m 404 [0m|     4.6319ms| nomatch|[44m GET     [0m /home/
2023/06/01 21:24:56.517 [D] [server.go:2916]  |            ::1|[43m 404 [0m|     1.9259ms| nomatch|[44m GET     [0m /home/
2023/06/01 21:24:57.012 [D] [server.go:2916]  |            ::1|[43m 404 [0m|     2.4377ms| nomatch|[44m GET     [0m /home/
2023/06/01 21:24:57.349 [D] [server.go:2916]  |            ::1|[43m 404 [0m|     2.4512ms| nomatch|[44m GET     [0m /home/
2023/06/01 21:24:57.532 [D] [server.go:2916]  |            ::1|[43m 404 [0m|     2.2041ms| nomatch|[44m GET     [0m /home/
2023/06/01 21:24:57.685 [D] [server.go:2916]  |            ::1|[43m 404 [0m|     2.8326ms| nomatch|[44m GET     [0m /home/
2023/06/01 21:24:58.149 [D] [server.go:2916]  |            ::1|[43m 404 [0m|     2.4758ms| nomatch|[44m GET     [0m /home/
2023/06/01 21:24:58.380 [D] [server.go:2916]  |            ::1|[43m 404 [0m|      2.612ms| nomatch|[44m GET     [0m /home/
2023/06/01 21:24:58.613 [D] [server.go:2916]  |            ::1|[43m 404 [0m|     2.3964ms| nomatch|[44m GET     [0m /home/
2023/06/01 21:24:58.996 [D] [server.go:2916]  |            ::1|[43m 404 [0m|     2.0759ms| nomatch|[44m GET     [0m /home/
2023/06/01 21:24:59.189 [D] [server.go:2916]  |            ::1|[43m 404 [0m|     2.3483ms| nomatch|[44m GET     [0m /home/
2023/06/01 21:24:59.365 [D] [server.go:2916]  |            ::1|[43m 404 [0m|        2.2ms| nomatch|[44m GET     [0m /home/
2023/06/01 21:24:59.527 [D] [server.go:2916]  |            ::1|[43m 404 [0m|     3.5397ms| nomatch|[44m GET     [0m /home/
2023/06/01 21:24:59.701 [D] [server.go:2916]  |            ::1|[43m 404 [0m|     2.4555ms| nomatch|[44m GET     [0m /home/
2023/06/01 21:25:02.439 [D] [controller.go:306]  template Execute err: template: base/templates/nav.html:8:38: executing "base/templates/nav.html" at <eq .nav `home`>: error calling eq: invalid type for comparison
2023/06/01 21:25:02.439 [E] [server.go:2916]  template: base/templates/nav.html:8:38: executing "base/templates/nav.html" at <eq .nav `home`>: error calling eq: invalid type for comparison
2023/06/01 21:25:02.439 [D] [server.go:2916]  |            ::1|[42m 200 [0m|     4.3565ms|   match|[44m GET     [0m /home/index   r:/home/index/*
2023/06/01 21:25:02.608 [D] [controller.go:306]  template Execute err: template: base/templates/nav.html:8:38: executing "base/templates/nav.html" at <eq .nav `home`>: error calling eq: invalid type for comparison
2023/06/01 21:25:02.608 [E] [server.go:2916]  template: base/templates/nav.html:8:38: executing "base/templates/nav.html" at <eq .nav `home`>: error calling eq: invalid type for comparison
2023/06/01 21:25:02.608 [D] [server.go:2916]  |            ::1|[42m 200 [0m|     4.5446ms|   match|[44m GET     [0m /home/index   r:/home/index/*
2023/06/01 21:25:02.814 [D] [controller.go:306]  template Execute err: template: base/templates/nav.html:8:38: executing "base/templates/nav.html" at <eq .nav `home`>: error calling eq: invalid type for comparison
2023/06/01 21:25:02.814 [E] [server.go:2916]  template: base/templates/nav.html:8:38: executing "base/templates/nav.html" at <eq .nav `home`>: error calling eq: invalid type for comparison
2023/06/01 21:25:02.814 [D] [server.go:2916]  |            ::1|[42m 200 [0m|     3.6593ms|   match|[44m GET     [0m /home/index   r:/home/index/*
2023/06/01 21:26:37.750 [D] [controller.go:306]  template Execute err: template: base/templates/nav.html:8:38: executing "base/templates/nav.html" at <eq .nav `home`>: error calling eq: invalid type for comparison
2023/06/01 21:26:37.750 [E] [server.go:2916]  template: base/templates/nav.html:8:38: executing "base/templates/nav.html" at <eq .nav `home`>: error calling eq: invalid type for comparison
2023/06/01 21:26:37.750 [D] [server.go:2916]  |            ::1|[42m 200 [0m|      4.515ms|   match|[44m GET     [0m /home/index   r:/home/index/*
2023/06/01 21:26:38.202 [D] [controller.go:306]  template Execute err: template: base/templates/nav.html:8:38: executing "base/templates/nav.html" at <eq .nav `home`>: error calling eq: invalid type for comparison
2023/06/01 21:26:38.202 [E] [server.go:2916]  template: base/templates/nav.html:8:38: executing "base/templates/nav.html" at <eq .nav `home`>: error calling eq: invalid type for comparison
2023/06/01 21:26:38.202 [D] [server.go:2916]  |            ::1|[42m 200 [0m|     4.4451ms|   match|[44m GET     [0m /home/index   r:/home/index/*
2023/06/01 21:26:38.370 [D] [controller.go:306]  template Execute err: template: base/templates/nav.html:8:38: executing "base/templates/nav.html" at <eq .nav `home`>: error calling eq: invalid type for comparison
2023/06/01 21:26:38.370 [E] [server.go:2916]  template: base/templates/nav.html:8:38: executing "base/templates/nav.html" at <eq .nav `home`>: error calling eq: invalid type for comparison
2023/06/01 21:26:38.370 [D] [server.go:2916]  |            ::1|[42m 200 [0m|     4.1365ms|   match|[44m GET     [0m /home/index   r:/home/index/*
2023/06/01 21:26:38.540 [D] [controller.go:306]  template Execute err: template: base/templates/nav.html:8:38: executing "base/templates/nav.html" at <eq .nav `home`>: error calling eq: invalid type for comparison
2023/06/01 21:26:38.540 [E] [server.go:2916]  template: base/templates/nav.html:8:38: executing "base/templates/nav.html" at <eq .nav `home`>: error calling eq: invalid type for comparison
2023/06/01 21:26:38.540 [D] [server.go:2916]  |            ::1|[42m 200 [0m|     5.2435ms|   match|[44m GET     [0m /home/index   r:/home/index/*
2023/06/01 21:26:38.802 [D] [controller.go:306]  template Execute err: template: base/templates/nav.html:8:38: executing "base/templates/nav.html" at <eq .nav `home`>: error calling eq: invalid type for comparison
2023/06/01 21:26:38.802 [E] [server.go:2916]  template: base/templates/nav.html:8:38: executing "base/templates/nav.html" at <eq .nav `home`>: error calling eq: invalid type for comparison
2023/06/01 21:26:38.802 [D] [server.go:2916]  |            ::1|[42m 200 [0m|     4.3669ms|   match|[44m GET     [0m /home/index   r:/home/index/*
2023/06/01 21:26:41.084 [D] [controller.go:306]  template Execute err: template: base/templates/nav.html:8:38: executing "base/templates/nav.html" at <eq .nav `home`>: error calling eq: invalid type for comparison
2023/06/01 21:26:41.084 [E] [server.go:2916]  template: base/templates/nav.html:8:38: executing "base/templates/nav.html" at <eq .nav `home`>: error calling eq: invalid type for comparison
2023/06/01 21:26:41.084 [D] [server.go:2916]  |            ::1|[42m 200 [0m|     7.3623ms|   match|[44m GET     [0m /     r:/
2023/06/01 21:26:42.512 [D] [controller.go:306]  template Execute err: template: base/templates/nav.html:8:38: executing "base/templates/nav.html" at <eq .nav `home`>: error calling eq: invalid type for comparison
2023/06/01 21:26:42.512 [E] [server.go:2916]  template: base/templates/nav.html:8:38: executing "base/templates/nav.html" at <eq .nav `home`>: error calling eq: invalid type for comparison
2023/06/01 21:26:42.512 [D] [server.go:2916]  |            ::1|[42m 200 [0m|     6.2826ms|   match|[44m GET     [0m /     r:/
2023/06/01 21:26:42.983 [D] [controller.go:306]  template Execute err: template: base/templates/nav.html:8:38: executing "base/templates/nav.html" at <eq .nav `home`>: error calling eq: invalid type for comparison
2023/06/01 21:26:42.983 [E] [server.go:2916]  template: base/templates/nav.html:8:38: executing "base/templates/nav.html" at <eq .nav `home`>: error calling eq: invalid type for comparison
2023/06/01 21:26:42.983 [D] [server.go:2916]  |            ::1|[42m 200 [0m|     3.8252ms|   match|[44m GET     [0m /     r:/
2023/06/01 21:26:43.211 [D] [controller.go:306]  template Execute err: template: base/templates/nav.html:8:38: executing "base/templates/nav.html" at <eq .nav `home`>: error calling eq: invalid type for comparison
2023/06/01 21:26:43.211 [E] [server.go:2916]  template: base/templates/nav.html:8:38: executing "base/templates/nav.html" at <eq .nav `home`>: error calling eq: invalid type for comparison
2023/06/01 21:26:43.212 [D] [server.go:2916]  |            ::1|[42m 200 [0m|     5.7976ms|   match|[44m GET     [0m /     r:/
2023/06/01 21:29:41.577 [D] [server.go:2916]  |            ::1|[47m 302 [0m|     1.6893ms|   match|[44m GET     [0m /auth/login   r:/auth/login/*
2023/06/01 21:29:41.590 [D] [controller.go:278]  template Execute err: template: base/templates/nav.html:8:38: executing "base/templates/nav.html" at <eq .nav `home`>: error calling eq: invalid type for comparison
2023/06/01 21:29:41.590 [D] [server.go:2916]  |            ::1|[42m 200 [0m|     8.4348ms|   match|[44m GET     [0m /user/query   r:/user/query/*
2023/06/01 21:29:45.630 [D] [controller.go:278]  template Execute err: template: base/templates/nav.html:8:38: executing "base/templates/nav.html" at <eq .nav `home`>: error calling eq: invalid type for comparison
2023/06/01 21:29:45.630 [D] [server.go:2916]  |            ::1|[42m 200 [0m|     8.9129ms|   match|[44m GET     [0m /user/query   r:/user/query/*
2023/06/01 21:29:46.157 [D] [controller.go:278]  template Execute err: template: base/templates/nav.html:8:38: executing "base/templates/nav.html" at <eq .nav `home`>: error calling eq: invalid type for comparison
2023/06/01 21:29:46.157 [D] [server.go:2916]  |            ::1|[42m 200 [0m|     8.1942ms|   match|[44m GET     [0m /user/query   r:/user/query/*
2023/06/01 21:29:49.123 [D] [controller.go:278]  template Execute err: template: base/templates/nav.html:8:38: executing "base/templates/nav.html" at <eq .nav `home`>: error calling eq: invalid type for comparison
2023/06/01 21:29:49.123 [D] [server.go:2916]  |            ::1|[42m 200 [0m|      7.692ms|   match|[44m GET     [0m /user/query   r:/user/query/*
2023/06/01 21:29:52.945 [D] [server.go:2916]  |            ::1|[43m 404 [0m|     3.7576ms| nomatch|[44m GET     [0m /user/
2023/06/01 21:30:00.331 [D] [server.go:2916]  |            ::1|[43m 404 [0m|       2.14ms| nomatch|[44m GET     [0m /home/
2023/06/01 21:30:11.087 [D] [server.go:2916]  |            ::1|[47m 302 [0m|     2.3032ms|   match|[44m GET     [0m /auth/login   r:/auth/login/*
2023/06/01 21:30:11.097 [D] [controller.go:278]  template Execute err: template: base/templates/nav.html:8:38: executing "base/templates/nav.html" at <eq .nav `home`>: error calling eq: invalid type for comparison
2023/06/01 21:30:11.098 [D] [server.go:2916]  |            ::1|[42m 200 [0m|     7.2882ms|   match|[44m GET     [0m /user/query   r:/user/query/*
2023/06/01 21:35:02.081 [I] [asm_amd64.s:1571]  http server Running on http://:8080
2023/06/01 21:35:02.084 [I] [asm_amd64.s:1571]  https server Running on https://:443
2023/06/01 21:35:12.899 [D] [server.go:2916]  |            ::1|[42m 200 [0m|    10.7528ms|   match|[44m GET     [0m /user/query   r:/user/query/*
2023/06/01 21:35:12.925 [D] [server.go:2916]  |            ::1|[42m 200 [0m|     1.3039ms|   match|[44m GET     [0m /static/components/jquery/jquery-3.5.1.min.js
2023/06/01 21:35:12.926 [D] [server.go:2916]  |            ::1|[42m 200 [0m|      522.3µs|   match|[44m GET     [0m /static/components/bootstrap-4.5.0/js/bootstrap.bundle.min.js
2023/06/01 21:35:17.988 [D] [server.go:2916]  |            ::1|[42m 200 [0m|    13.7767ms|   match|[44m GET     [0m /user/query   r:/user/query/*
2023/06/01 21:35:18.693 [D] [server.go:2916]  |            ::1|[42m 200 [0m|    14.4065ms|   match|[44m GET     [0m /user/query   r:/user/query/*
2023/06/01 21:35:18.894 [D] [server.go:2916]  |            ::1|[42m 200 [0m|     7.8069ms|   match|[44m GET     [0m /user/query   r:/user/query/*
2023/06/01 21:35:19.219 [D] [server.go:2916]  |            ::1|[42m 200 [0m|    11.5258ms|   match|[44m GET     [0m /user/query   r:/user/query/*
2023/06/01 21:35:19.433 [D] [server.go:2916]  |            ::1|[42m 200 [0m|    10.3284ms|   match|[44m GET     [0m /user/query   r:/user/query/*
2023/06/01 21:35:19.633 [D] [server.go:2916]  |            ::1|[42m 200 [0m|    10.1386ms|   match|[44m GET     [0m /user/query   r:/user/query/*
2023/06/01 21:35:20.257 [D] [server.go:2916]  |            ::1|[42m 200 [0m|     9.2348ms|   match|[44m GET     [0m /user/query   r:/user/query/*
2023/06/01 21:35:20.774 [D] [server.go:2916]  |            ::1|[42m 200 [0m|      9.544ms|   match|[44m GET     [0m /home/index   r:/home/index/*
2023/06/01 21:35:21.597 [D] [server.go:2916]  |            ::1|[42m 200 [0m|     9.2766ms|   match|[44m GET     [0m /user/query   r:/user/query/*
2023/06/01 21:35:23.187 [D] [server.go:2916]  |            ::1|[42m 200 [0m|    15.2896ms|   match|[44m GET     [0m /node/query   r:/node/query/*
2023/06/01 21:35:25.584 [D] [server.go:2916]  |            ::1|[42m 200 [0m|     8.7432ms|   match|[44m GET     [0m /node/query   r:/node/query/*
2023/06/01 21:35:27.463 [D] [server.go:2916]  |            ::1|[42m 200 [0m|     9.9467ms|   match|[44m GET     [0m /job/query   r:/job/query/*
2023/06/01 21:35:29.711 [D] [server.go:2916]  |            ::1|[42m 200 [0m|     8.8264ms|   match|[44m GET     [0m /job/create   r:/job/create/*
2023/06/01 21:35:33.206 [C] [panic.go:838]  the request url is  /job/create
2023/06/01 21:35:33.206 [C] [panic.go:838]  Handler crashed with error Error 1146: Table 'cmdb.node' doesn't exist
2023/06/01 21:35:33.206 [C] [panic.go:838]  D:/Program Files/GO/src/runtime/panic.go:838
2023/06/01 21:35:33.206 [C] [panic.go:838]  D:/Workspace/Go/pkg/mod/github.com/astaxie/beego@v1.12.2/orm/db_alias.go:205
2023/06/01 21:35:33.206 [C] [panic.go:838]  D:/Workspace/Go/pkg/mod/github.com/astaxie/beego@v1.12.2/orm/db.go:360
2023/06/01 21:35:33.206 [C] [panic.go:838]  D:/Workspace/Go/pkg/mod/github.com/astaxie/beego@v1.12.2/orm/orm.go:129
2023/06/01 21:35:33.206 [C] [panic.go:838]  C:/Users/Administrator/Desktop/cmdb/services/prometheus.go:55
2023/06/01 21:35:33.206 [C] [panic.go:838]  C:/Users/Administrator/Desktop/cmdb/services/prometheus.go:114
2023/06/01 21:35:33.206 [C] [panic.go:838]  C:/Users/Administrator/Desktop/cmdb/controllers/prometheus.go:69
2023/06/01 21:35:33.206 [C] [panic.go:838]  D:/Program Files/GO/src/reflect/value.go:556
2023/06/01 21:35:33.206 [C] [panic.go:838]  D:/Program Files/GO/src/reflect/value.go:339
2023/06/01 21:35:33.206 [C] [panic.go:838]  D:/Workspace/Go/pkg/mod/github.com/astaxie/beego@v1.12.2/router.go:891
2023/06/01 21:35:33.206 [C] [panic.go:838]  D:/Program Files/GO/src/net/http/server.go:2916
2023/06/01 21:35:33.206 [C] [panic.go:838]  D:/Program Files/GO/src/net/http/server.go:1966
2023/06/01 21:35:33.206 [C] [panic.go:838]  D:/Program Files/GO/src/runtime/asm_amd64.s:1571
2023/06/01 21:35:33.206 [server.go:3195]  [HTTP] http: superfluous response.WriteHeader call from github.com/astaxie/beego/context.(*Response).WriteHeader (context.go:230)
2023/06/01 21:35:38.124 [D] [server.go:2916]  |            ::1|[42m 200 [0m|     5.1703ms|   match|[44m GET     [0m /job/create   r:/job/create/*
2023/06/01 21:35:40.180 [D] [server.go:2916]  |            ::1|[42m 200 [0m|     8.0594ms|   match|[44m GET     [0m /target/query   r:/target/query/*
2023/06/01 21:35:41.294 [D] [server.go:2916]  |            ::1|[42m 200 [0m|     8.4578ms|   match|[44m GET     [0m /target/create   r:/target/create/*
2023/06/01 21:35:43.045 [C] [panic.go:838]  the request url is  /target/create
2023/06/01 21:35:43.045 [C] [panic.go:838]  Handler crashed with error Error 1146: Table 'cmdb.job' doesn't exist
2023/06/01 21:35:43.045 [C] [panic.go:838]  D:/Program Files/GO/src/runtime/panic.go:838
2023/06/01 21:35:43.045 [C] [panic.go:838]  D:/Workspace/Go/pkg/mod/github.com/astaxie/beego@v1.12.2/orm/db_alias.go:205
2023/06/01 21:35:43.045 [C] [panic.go:838]  D:/Workspace/Go/pkg/mod/github.com/astaxie/beego@v1.12.2/orm/db.go:360
2023/06/01 21:35:43.045 [C] [panic.go:838]  D:/Workspace/Go/pkg/mod/github.com/astaxie/beego@v1.12.2/orm/orm.go:129
2023/06/01 21:35:43.045 [C] [panic.go:838]  C:/Users/Administrator/Desktop/cmdb/services/prometheus.go:95
2023/06/01 21:35:43.045 [C] [panic.go:838]  C:/Users/Administrator/Desktop/cmdb/services/prometheus.go:189
2023/06/01 21:35:43.045 [C] [panic.go:838]  C:/Users/Administrator/Desktop/cmdb/controllers/prometheus.go:131
2023/06/01 21:35:43.045 [C] [panic.go:838]  D:/Program Files/GO/src/reflect/value.go:556
2023/06/01 21:35:43.045 [C] [panic.go:838]  D:/Program Files/GO/src/reflect/value.go:339
2023/06/01 21:35:43.045 [C] [panic.go:838]  D:/Workspace/Go/pkg/mod/github.com/astaxie/beego@v1.12.2/router.go:891
2023/06/01 21:35:43.045 [C] [panic.go:838]  D:/Program Files/GO/src/net/http/server.go:2916
2023/06/01 21:35:43.045 [C] [panic.go:838]  D:/Program Files/GO/src/net/http/server.go:1966
2023/06/01 21:35:43.045 [C] [panic.go:838]  D:/Program Files/GO/src/runtime/asm_amd64.s:1571
2023/06/01 21:35:43.045 [server.go:3195]  [HTTP] http: superfluous response.WriteHeader call from github.com/astaxie/beego/context.(*Response).WriteHeader (context.go:230)
2023/06/01 21:35:57.742 [D] [server.go:2916]  |            ::1|[42m 200 [0m|     6.8929ms|   match|[44m GET     [0m /target/create   r:/target/create/*
2023/06/01 21:36:53.322 [D] [server.go:2916]  |            ::1|[42m 200 [0m|    11.4967ms|   match|[44m GET     [0m /job/query   r:/job/query/*
2023/06/01 21:36:54.592 [D] [server.go:2916]  |            ::1|[42m 200 [0m|      8.252ms|   match|[44m GET     [0m /node/query   r:/node/query/*
2023/06/01 22:01:29.611 [I] [asm_amd64.s:1571]  http server Running on http://:8080
2023/06/01 22:01:29.614 [I] [asm_amd64.s:1571]  https server Running on https://:443
2023/06/01 22:01:36.007 [D] [server.go:2916]  |            ::1|[42m 200 [0m|   380.4793ms|   match|[44m GET     [0m /node/query   r:/node/query/*
2023/06/01 22:01:37.105 [D] [server.go:2916]  |            ::1|[42m 200 [0m|     8.3514ms|   match|[44m GET     [0m /node/query   r:/node/query/*
2023/06/01 22:01:39.913 [C] [panic.go:838]  the request url is  /alert/query
2023/06/01 22:01:39.914 [C] [panic.go:838]  Handler crashed with error Error 1146: Table 'cmdb.alert' doesn't exist
2023/06/01 22:01:39.915 [C] [panic.go:838]  D:/Program Files/GO/src/runtime/panic.go:838
2023/06/01 22:01:39.915 [C] [panic.go:838]  D:/Workspace/Go/pkg/mod/github.com/astaxie/beego@v1.12.2/orm/db_alias.go:205
2023/06/01 22:01:39.915 [C] [panic.go:838]  D:/Workspace/Go/pkg/mod/github.com/astaxie/beego@v1.12.2/orm/db.go:1171
2023/06/01 22:01:39.915 [C] [panic.go:838]  D:/Workspace/Go/pkg/mod/github.com/astaxie/beego@v1.12.2/orm/orm_queryset.go:188
2023/06/01 22:01:39.915 [C] [panic.go:838]  D:/Workspace/Go/src/go-demo/cmdb/services/prometheus.go:277
2023/06/01 22:01:39.915 [C] [panic.go:838]  D:/Workspace/Go/src/go-demo/cmdb/controllers/prometheus.go:175
2023/06/01 22:01:39.915 [C] [panic.go:838]  D:/Program Files/GO/src/reflect/value.go:556
2023/06/01 22:01:39.915 [C] [panic.go:838]  D:/Program Files/GO/src/reflect/value.go:339
2023/06/01 22:01:39.915 [C] [panic.go:838]  D:/Workspace/Go/pkg/mod/github.com/astaxie/beego@v1.12.2/router.go:891
2023/06/01 22:01:39.915 [C] [panic.go:838]  D:/Program Files/GO/src/net/http/server.go:2916
2023/06/01 22:01:39.915 [C] [panic.go:838]  D:/Program Files/GO/src/net/http/server.go:1966
2023/06/01 22:01:39.915 [C] [panic.go:838]  D:/Program Files/GO/src/runtime/asm_amd64.s:1571
2023/06/01 22:01:39.916 [server.go:3195]  [HTTP] http: superfluous response.WriteHeader call from github.com/astaxie/beego/context.(*Response).WriteHeader (context.go:230)
2023/06/01 22:01:45.996 [D] [server.go:2916]  |            ::1|[42m 200 [0m|    10.2394ms|   match|[44m GET     [0m /node/query   r:/node/query/*
2023/06/01 22:01:47.337 [D] [server.go:2916]  |            ::1|[42m 200 [0m|     9.0487ms|   match|[44m GET     [0m /job/query   r:/job/query/*
2023/06/01 22:01:48.907 [D] [server.go:2916]  |            ::1|[42m 200 [0m|      8.915ms|   match|[44m GET     [0m /target/query   r:/target/query/*
2023/06/01 22:01:50.052 [C] [panic.go:838]  the request url is  /alert/query
2023/06/01 22:01:50.060 [C] [panic.go:838]  Handler crashed with error Error 1146: Table 'cmdb.alert' doesn't exist
2023/06/01 22:01:50.061 [C] [panic.go:838]  D:/Program Files/GO/src/runtime/panic.go:838
2023/06/01 22:01:50.061 [C] [panic.go:838]  D:/Workspace/Go/pkg/mod/github.com/astaxie/beego@v1.12.2/orm/db_alias.go:205
2023/06/01 22:01:50.061 [C] [panic.go:838]  D:/Workspace/Go/pkg/mod/github.com/astaxie/beego@v1.12.2/orm/db.go:1171
2023/06/01 22:01:50.061 [C] [panic.go:838]  D:/Workspace/Go/pkg/mod/github.com/astaxie/beego@v1.12.2/orm/orm_queryset.go:188
2023/06/01 22:01:50.061 [C] [panic.go:838]  D:/Workspace/Go/src/go-demo/cmdb/services/prometheus.go:277
2023/06/01 22:01:50.061 [C] [panic.go:838]  D:/Workspace/Go/src/go-demo/cmdb/controllers/prometheus.go:175
2023/06/01 22:01:50.061 [C] [panic.go:838]  D:/Program Files/GO/src/reflect/value.go:556
2023/06/01 22:01:50.061 [C] [panic.go:838]  D:/Program Files/GO/src/reflect/value.go:339
2023/06/01 22:01:50.061 [C] [panic.go:838]  D:/Workspace/Go/pkg/mod/github.com/astaxie/beego@v1.12.2/router.go:891
2023/06/01 22:01:50.061 [C] [panic.go:838]  D:/Program Files/GO/src/net/http/server.go:2916
2023/06/01 22:01:50.061 [C] [panic.go:838]  D:/Program Files/GO/src/net/http/server.go:1966
2023/06/01 22:01:50.061 [C] [panic.go:838]  D:/Program Files/GO/src/runtime/asm_amd64.s:1571
2023/06/01 22:01:50.062 [server.go:3195]  [HTTP] http: superfluous response.WriteHeader call from github.com/astaxie/beego/context.(*Response).WriteHeader (context.go:230)
2023/06/01 22:01:55.370 [D] [server.go:2916]  |            ::1|[42m 200 [0m|     9.1934ms|   match|[44m GET     [0m /home/index   r:/home/index/*
2023/06/01 22:01:56.181 [D] [server.go:2916]  |            ::1|[42m 200 [0m|    12.8899ms|   match|[44m GET     [0m /user/query   r:/user/query/*
2023/06/01 22:01:56.851 [D] [server.go:2916]  |            ::1|[42m 200 [0m|    12.7074ms|   match|[44m GET     [0m /home/index   r:/home/index/*
2023/06/01 22:01:57.386 [D] [server.go:2916]  |            ::1|[42m 200 [0m|    11.3132ms|   match|[44m GET     [0m /user/query   r:/user/query/*
2023/06/01 22:01:58.657 [C] [panic.go:838]  the request url is  /alert/query
2023/06/01 22:01:58.657 [C] [panic.go:838]  Handler crashed with error Error 1146: Table 'cmdb.alert' doesn't exist
2023/06/01 22:01:58.657 [C] [panic.go:838]  D:/Program Files/GO/src/runtime/panic.go:838
2023/06/01 22:01:58.657 [C] [panic.go:838]  D:/Workspace/Go/pkg/mod/github.com/astaxie/beego@v1.12.2/orm/db_alias.go:205
2023/06/01 22:01:58.658 [C] [panic.go:838]  D:/Workspace/Go/pkg/mod/github.com/astaxie/beego@v1.12.2/orm/db.go:1171
2023/06/01 22:01:58.658 [C] [panic.go:838]  D:/Workspace/Go/pkg/mod/github.com/astaxie/beego@v1.12.2/orm/orm_queryset.go:188
2023/06/01 22:01:58.658 [C] [panic.go:838]  D:/Workspace/Go/src/go-demo/cmdb/services/prometheus.go:277
2023/06/01 22:01:58.658 [C] [panic.go:838]  D:/Workspace/Go/src/go-demo/cmdb/controllers/prometheus.go:175
2023/06/01 22:01:58.658 [C] [panic.go:838]  D:/Program Files/GO/src/reflect/value.go:556
2023/06/01 22:01:58.660 [C] [panic.go:838]  D:/Program Files/GO/src/reflect/value.go:339
2023/06/01 22:01:58.661 [C] [panic.go:838]  D:/Workspace/Go/pkg/mod/github.com/astaxie/beego@v1.12.2/router.go:891
2023/06/01 22:01:58.661 [C] [panic.go:838]  D:/Program Files/GO/src/net/http/server.go:2916
2023/06/01 22:01:58.661 [C] [panic.go:838]  D:/Program Files/GO/src/net/http/server.go:1966
2023/06/01 22:01:58.661 [C] [panic.go:838]  D:/Program Files/GO/src/runtime/asm_amd64.s:1571
2023/06/01 22:01:58.662 [server.go:3195]  [HTTP] http: superfluous response.WriteHeader call from github.com/astaxie/beego/context.(*Response).WriteHeader (context.go:230)
2023/06/01 22:26:03.636 [I] [asm_amd64.s:1571]  http server Running on http://:8080
2023/06/01 22:26:03.638 [I] [asm_amd64.s:1571]  https server Running on https://:443
2023/06/01 22:26:08.317 [D] [server.go:2916]  |            ::1|[42m 200 [0m|    20.5015ms|   match|[44m GET     [0m /user/query   r:/user/query/*
2023/06/01 22:26:09.023 [D] [server.go:2916]  |            ::1|[42m 200 [0m|     7.9302ms|   match|[44m GET     [0m /user/query   r:/user/query/*
2023/06/01 22:26:09.288 [D] [server.go:2916]  |            ::1|[42m 200 [0m|    10.7413ms|   match|[44m GET     [0m /user/query   r:/user/query/*
2023/06/01 22:26:09.656 [D] [server.go:2916]  |            ::1|[42m 200 [0m|    10.2042ms|   match|[44m GET     [0m /user/query   r:/user/query/*
2023/06/01 22:26:09.830 [D] [server.go:2916]  |            ::1|[42m 200 [0m|     9.1239ms|   match|[44m GET     [0m /user/query   r:/user/query/*
2023/06/01 22:26:10.039 [D] [server.go:2916]  |            ::1|[42m 200 [0m|     7.8141ms|   match|[44m GET     [0m /user/query   r:/user/query/*
2023/06/01 22:26:10.214 [D] [server.go:2916]  |            ::1|[42m 200 [0m|      9.407ms|   match|[44m GET     [0m /user/query   r:/user/query/*
2023/06/01 22:26:10.373 [D] [server.go:2916]  |            ::1|[42m 200 [0m|     8.6787ms|   match|[44m GET     [0m /user/query   r:/user/query/*
2023/06/01 22:26:10.540 [D] [server.go:2916]  |            ::1|[42m 200 [0m|     7.3648ms|   match|[44m GET     [0m /user/query   r:/user/query/*
2023/06/01 22:26:10.740 [D] [server.go:2916]  |            ::1|[42m 200 [0m|     7.1353ms|   match|[44m GET     [0m /user/query   r:/user/query/*
2023/06/01 22:26:10.925 [D] [server.go:2916]  |            ::1|[42m 200 [0m|     8.1656ms|   match|[44m GET     [0m /user/query   r:/user/query/*
2023/06/01 22:26:11.117 [D] [server.go:2916]  |            ::1|[42m 200 [0m|    16.1264ms|   match|[44m GET     [0m /user/query   r:/user/query/*
2023/06/01 22:26:11.288 [D] [server.go:2916]  |            ::1|[42m 200 [0m|    10.3877ms|   match|[44m GET     [0m /user/query   r:/user/query/*
2023/06/01 22:26:11.471 [D] [server.go:2916]  |            ::1|[42m 200 [0m|    10.4706ms|   match|[44m GET     [0m /user/query   r:/user/query/*
2023/06/01 22:26:11.643 [D] [server.go:2916]  |            ::1|[42m 200 [0m|    11.7313ms|   match|[44m GET     [0m /user/query   r:/user/query/*
2023/06/01 22:26:11.814 [D] [server.go:2916]  |            ::1|[42m 200 [0m|     9.6055ms|   match|[44m GET     [0m /user/query   r:/user/query/*
2023/06/01 22:26:11.983 [D] [server.go:2916]  |            ::1|[42m 200 [0m|      9.963ms|   match|[44m GET     [0m /user/query   r:/user/query/*
2023/06/01 22:26:12.173 [D] [server.go:2916]  |            ::1|[42m 200 [0m|     7.9891ms|   match|[44m GET     [0m /user/query   r:/user/query/*
2023/06/01 22:26:12.368 [D] [server.go:2916]  |            ::1|[42m 200 [0m|    10.5518ms|   match|[44m GET     [0m /user/query   r:/user/query/*
2023/06/01 22:26:12.551 [D] [server.go:2916]  |            ::1|[42m 200 [0m|    10.3745ms|   match|[44m GET     [0m /user/query   r:/user/query/*
2023/06/01 22:26:12.711 [D] [server.go:2916]  |            ::1|[42m 200 [0m|     8.4787ms|   match|[44m GET     [0m /user/query   r:/user/query/*
2023/06/01 22:26:12.908 [D] [server.go:2916]  |            ::1|[42m 200 [0m|     6.5833ms|   match|[44m GET     [0m /user/query   r:/user/query/*
2023/06/01 22:26:13.570 [D] [server.go:2916]  |            ::1|[42m 200 [0m|    10.9858ms|   match|[44m GET     [0m /home/index   r:/home/index/*
2023/06/01 22:26:14.500 [D] [server.go:2916]  |            ::1|[42m 200 [0m|    12.3262ms|   match|[44m GET     [0m /home/index   r:/home/index/*
2023/06/01 22:26:14.927 [D] [server.go:2916]  |            ::1|[42m 200 [0m|     8.0264ms|   match|[44m GET     [0m /home/index   r:/home/index/*
2023/06/01 22:26:15.112 [D] [server.go:2916]  |            ::1|[42m 200 [0m|      8.896ms|   match|[44m GET     [0m /home/index   r:/home/index/*
2023/06/01 22:26:15.704 [D] [server.go:2916]  |            ::1|[42m 200 [0m|      9.865ms|   match|[44m GET     [0m /home/index   r:/home/index/*
2023/06/01 22:26:16.105 [D] [server.go:2916]  |            ::1|[42m 200 [0m|     7.4768ms|   match|[44m GET     [0m /home/index   r:/home/index/*
2023/06/01 22:26:16.424 [D] [server.go:2916]  |            ::1|[42m 200 [0m|     11.343ms|   match|[44m GET     [0m /user/query   r:/user/query/*
2023/06/01 22:26:19.117 [C] [panic.go:838]  the request url is  /alert/query
2023/06/01 22:26:19.117 [C] [panic.go:838]  Handler crashed with error Error 1146: Table 'cmdb.alert' doesn't exist
2023/06/01 22:26:19.117 [C] [panic.go:838]  D:/Program Files/GO/src/runtime/panic.go:838
2023/06/01 22:26:19.117 [C] [panic.go:838]  D:/Workspace/Go/pkg/mod/github.com/astaxie/beego@v1.12.2/orm/db_alias.go:205
2023/06/01 22:26:19.117 [C] [panic.go:838]  D:/Workspace/Go/pkg/mod/github.com/astaxie/beego@v1.12.2/orm/db.go:1171
2023/06/01 22:26:19.117 [C] [panic.go:838]  D:/Workspace/Go/pkg/mod/github.com/astaxie/beego@v1.12.2/orm/orm_queryset.go:188
2023/06/01 22:26:19.117 [C] [panic.go:838]  D:/Workspace/Go/src/go-demo/cmdb/services/prometheus.go:278
2023/06/01 22:26:19.117 [C] [panic.go:838]  D:/Workspace/Go/src/go-demo/cmdb/controllers/prometheus.go:175
2023/06/01 22:26:19.117 [C] [panic.go:838]  D:/Program Files/GO/src/reflect/value.go:556
2023/06/01 22:26:19.117 [C] [panic.go:838]  D:/Program Files/GO/src/reflect/value.go:339
2023/06/01 22:26:19.117 [C] [panic.go:838]  D:/Workspace/Go/pkg/mod/github.com/astaxie/beego@v1.12.2/router.go:891
2023/06/01 22:26:19.117 [C] [panic.go:838]  D:/Program Files/GO/src/net/http/server.go:2916
2023/06/01 22:26:19.117 [C] [panic.go:838]  D:/Program Files/GO/src/net/http/server.go:1966
2023/06/01 22:26:19.117 [C] [panic.go:838]  D:/Program Files/GO/src/runtime/asm_amd64.s:1571
2023/06/01 22:26:19.117 [server.go:3195]  [HTTP] http: superfluous response.WriteHeader call from github.com/astaxie/beego/context.(*Response).WriteHeader (context.go:230)
2023/06/02 16:47:30.488 [I] [asm_amd64.s:1571]  http server Running on http://:8080
2023/06/02 16:47:30.490 [I] [asm_amd64.s:1571]  https server Running on https://:443
2023/06/02 16:48:37.555 [D] [server.go:2916]  |            ::1|[42m 200 [0m|     5.0531ms|   match|[44m GET     [0m /auth/login   r:/auth/login/*
2023/06/02 16:48:37.593 [D] [server.go:2916]  |            ::1|[42m 200 [0m|      481.6µs|   match|[44m GET     [0m /static/css/login.css
2023/06/02 16:48:37.797 [D] [server.go:2916]  |            ::1|[42m 200 [0m|   204.4185ms|   match|[44m GET     [0m /static/components/bootstrap-4.5.0/css/bootstrap.min.css
2023/06/02 16:48:37.850 [D] [server.go:2916]  |            ::1|[43m 404 [0m|      4.441ms| nomatch|[44m GET     [0m /favicon.ico
2023/06/02 16:48:43.187 [I] [auth.go:48]  用户认证成功: admin 
2023/06/02 16:48:43.188 [D] [server.go:2916]  |            ::1|[47m 302 [0m|   120.5424ms|   match|[46m POST    [0m /auth/login   r:/auth/login/*
2023/06/02 16:48:43.200 [D] [server.go:2916]  |            ::1|[42m 200 [0m|     9.6896ms|   match|[44m GET     [0m /user/query   r:/user/query/*
2023/06/02 16:48:43.537 [D] [server.go:2916]  |            ::1|[42m 200 [0m|     1.1461ms|   match|[44m GET     [0m /static/css/layout.css
2023/06/02 16:48:43.642 [D] [server.go:2916]  |            ::1|[42m 200 [0m|   105.3233ms|   match|[44m GET     [0m /static/components/jquery/jquery-3.5.1.min.js
2023/06/02 16:48:43.660 [D] [server.go:2916]  |            ::1|[42m 200 [0m|   122.8142ms|   match|[44m GET     [0m /static/components/bootstrap-4.5.0/js/bootstrap.bundle.min.js
2023/06/02 16:48:46.563 [D] [server.go:2916]  |            ::1|[42m 200 [0m|    24.6786ms|   match|[44m GET     [0m /alert/query   r:/alert/query/*
2023/06/02 16:48:53.953 [D] [server.go:2916]  |            ::1|[42m 200 [0m|    14.6665ms|   match|[44m GET     [0m /target/query   r:/target/query/*
2023/06/02 16:48:55.884 [D] [server.go:2916]  |            ::1|[42m 200 [0m|     9.7203ms|   match|[44m GET     [0m /target/create   r:/target/create/*
2023/06/02 16:49:18.030 [D] [server.go:2916]  |            ::1|[42m 200 [0m|      6.532ms|   match|[44m GET     [0m /target/create   r:/target/create/*
2023/06/02 16:49:24.183 [D] [server.go:2916]  |            ::1|[42m 200 [0m|    12.6053ms|   match|[44m GET     [0m /job/query   r:/job/query/*
2023/06/02 16:49:25.501 [D] [server.go:2916]  |            ::1|[42m 200 [0m|    10.5508ms|   match|[44m GET     [0m /job/create   r:/job/create/*
2023/06/02 16:49:27.275 [D] [server.go:2916]  |            ::1|[42m 200 [0m|     7.9408ms|   match|[44m GET     [0m /node/query   r:/node/query/*
2023/06/02 16:49:28.941 [D] [server.go:2916]  |            ::1|[42m 200 [0m|     8.4065ms|   match|[44m GET     [0m /node/query   r:/node/query/*
2023/06/02 16:49:32.937 [D] [server.go:2916]  |            ::1|[42m 200 [0m|    14.2834ms|   match|[44m GET     [0m /user/query   r:/user/query/*
2023/06/02 16:49:33.956 [D] [server.go:2916]  |            ::1|[42m 200 [0m|     8.0931ms|   match|[44m GET     [0m /home/index   r:/home/index/*
2023/06/02 16:49:34.579 [D] [server.go:2916]  |            ::1|[42m 200 [0m|    14.9425ms|   match|[44m GET     [0m /user/query   r:/user/query/*
2023/06/02 16:49:35.935 [D] [server.go:2916]  |            ::1|[42m 200 [0m|    17.4424ms|   match|[44m GET     [0m /user/query   r:/user/query/*
2023/06/02 16:49:36.719 [D] [server.go:2916]  |            ::1|[42m 200 [0m|     10.209ms|   match|[44m GET     [0m /user/query   r:/user/query/*
2023/06/02 16:49:37.182 [D] [server.go:2916]  |            ::1|[42m 200 [0m|     8.3422ms|   match|[44m GET     [0m /user/query   r:/user/query/*
2023/06/02 16:49:37.398 [D] [server.go:2916]  |            ::1|[42m 200 [0m|     9.2542ms|   match|[44m GET     [0m /user/query   r:/user/query/*
2023/06/02 16:49:37.775 [D] [server.go:2916]  |            ::1|[42m 200 [0m|    10.6626ms|   match|[44m GET     [0m /user/query   r:/user/query/*
2023/06/02 16:49:38.086 [D] [server.go:2916]  |            ::1|[42m 200 [0m|     8.8816ms|   match|[44m GET     [0m /user/query   r:/user/query/*
2023/06/02 16:49:39.093 [D] [server.go:2916]  |            ::1|[42m 200 [0m|     8.7236ms|   match|[44m GET     [0m /home/index   r:/home/index/*
2023/06/02 16:49:39.822 [D] [server.go:2916]  |            ::1|[42m 200 [0m|     9.7842ms|   match|[44m GET     [0m /user/query   r:/user/query/*
2023/06/02 16:51:12.378 [D] [server.go:2916]  |            ::1|[42m 200 [0m|    88.3385ms|   match|[44m GET     [0m /static/components/bootstrap-4.5.0/js/bootstrap.bundle.min.js.map
2023/06/02 16:51:12.397 [D] [server.go:2916]  |            ::1|[42m 200 [0m|   102.9894ms|   match|[44m GET     [0m /static/components/bootstrap-4.5.0/css/bootstrap.min.css.map
2023/06/02 16:51:19.054 [D] [server.go:2916]  |            ::1|[42m 200 [0m|    29.8462ms|   match|[44m GET     [0m /user/query   r:/user/query/*
2023/06/02 16:51:19.137 [D] [server.go:2916]  |            ::1|[42m 200 [0m|     1.6849ms|   match|[44m GET     [0m /static/components/bootstrap-4.5.0/css/bootstrap.min.css.map
2023/06/02 16:51:19.182 [D] [server.go:2916]  |            ::1|[42m 200 [0m|           0s|   match|[44m GET     [0m /static/components/bootstrap-4.5.0/js/bootstrap.bundle.min.js.map
2023/06/02 16:55:07.936 [D] [server.go:2916]  |            ::1|[42m 200 [0m|    13.1991ms|   match|[44m GET     [0m /user/query   r:/user/query/*
2023/06/02 16:55:09.350 [D] [server.go:2916]  |            ::1|[42m 200 [0m|    14.3108ms|   match|[44m GET     [0m /user/query   r:/user/query/*
2023/06/02 16:55:09.980 [D] [server.go:2916]  |            ::1|[42m 200 [0m|     10.735ms|   match|[44m GET     [0m /user/query   r:/user/query/*
2023/06/02 16:55:10.334 [D] [server.go:2916]  |            ::1|[42m 200 [0m|    15.1678ms|   match|[44m GET     [0m /user/query   r:/user/query/*
2023/06/02 16:55:10.495 [D] [server.go:2916]  |            ::1|[42m 200 [0m|     8.0083ms|   match|[44m GET     [0m /user/query   r:/user/query/*
2023/06/02 16:55:10.655 [D] [server.go:2916]  |            ::1|[42m 200 [0m|     8.1834ms|   match|[44m GET     [0m /user/query   r:/user/query/*
2023/06/02 16:55:10.796 [D] [server.go:2916]  |            ::1|[42m 200 [0m|    13.0649ms|   match|[44m GET     [0m /user/query   r:/user/query/*
2023/06/02 16:55:10.938 [D] [server.go:2916]  |            ::1|[42m 200 [0m|     9.7995ms|   match|[44m GET     [0m /user/query   r:/user/query/*
2023/06/02 16:55:11.088 [D] [server.go:2916]  |            ::1|[42m 200 [0m|    14.6328ms|   match|[44m GET     [0m /user/query   r:/user/query/*
2023/06/02 16:55:11.225 [D] [server.go:2916]  |            ::1|[42m 200 [0m|       8.59ms|   match|[44m GET     [0m /user/query   r:/user/query/*
2023/06/02 16:55:11.369 [D] [server.go:2916]  |            ::1|[42m 200 [0m|     8.5856ms|   match|[44m GET     [0m /user/query   r:/user/query/*
2023/06/02 16:55:11.876 [D] [server.go:2916]  |            ::1|[42m 200 [0m|    12.4158ms|   match|[44m GET     [0m /user/query   r:/user/query/*
2023/06/02 16:55:12.054 [D] [server.go:2916]  |            ::1|[42m 200 [0m|    14.7663ms|   match|[44m GET     [0m /user/query   r:/user/query/*
2023/06/02 16:55:12.223 [D] [server.go:2916]  |            ::1|[42m 200 [0m|     7.7324ms|   match|[44m GET     [0m /user/query   r:/user/query/*
2023/06/02 16:55:12.443 [D] [server.go:2916]  |            ::1|[42m 200 [0m|    11.1215ms|   match|[44m GET     [0m /user/query   r:/user/query/*
2023/06/02 16:55:12.624 [D] [server.go:2916]  |            ::1|[42m 200 [0m|     8.2837ms|   match|[44m GET     [0m /user/query   r:/user/query/*
2023/06/02 16:55:12.842 [D] [server.go:2916]  |            ::1|[42m 200 [0m|    10.8723ms|   match|[44m GET     [0m /user/query   r:/user/query/*
2023/06/02 16:55:13.047 [D] [server.go:2916]  |            ::1|[42m 200 [0m|    14.6435ms|   match|[44m GET     [0m /user/query   r:/user/query/*
2023/06/02 16:55:13.241 [D] [server.go:2916]  |            ::1|[42m 200 [0m|     9.3999ms|   match|[44m GET     [0m /user/query   r:/user/query/*
2023/06/02 16:55:13.432 [D] [server.go:2916]  |            ::1|[42m 200 [0m|      9.195ms|   match|[44m GET     [0m /user/query   r:/user/query/*
2023/06/02 16:55:13.666 [D] [server.go:2916]  |            ::1|[42m 200 [0m|    10.9237ms|   match|[44m GET     [0m /user/query   r:/user/query/*
2023/06/02 16:55:13.856 [D] [server.go:2916]  |            ::1|[42m 200 [0m|     8.1975ms|   match|[44m GET     [0m /user/query   r:/user/query/*
2023/06/02 16:55:14.097 [D] [server.go:2916]  |            ::1|[42m 200 [0m|     9.7407ms|   match|[44m GET     [0m /user/query   r:/user/query/*
2023/06/02 16:55:14.386 [D] [server.go:2916]  |            ::1|[42m 200 [0m|     10.266ms|   match|[44m GET     [0m /user/query   r:/user/query/*
2023/06/02 16:55:14.665 [D] [server.go:2916]  |            ::1|[42m 200 [0m|     9.6306ms|   match|[44m GET     [0m /user/query   r:/user/query/*
2023/06/02 16:55:15.871 [D] [server.go:2916]  |            ::1|[42m 200 [0m|    13.6042ms|   match|[44m GET     [0m /user/modify   r:/user/modify/*
2023/06/02 16:55:17.555 [D] [server.go:2916]  |            ::1|[42m 200 [0m|    14.4656ms|   match|[44m GET     [0m /user/query   r:/user/query/*
2023/06/02 16:55:18.589 [D] [server.go:2916]  |            ::1|[42m 200 [0m|      9.819ms|   match|[44m GET     [0m /home/index   r:/home/index/*
2023/06/02 16:55:19.841 [D] [server.go:2916]  |            ::1|[42m 200 [0m|    22.3987ms|   match|[44m GET     [0m /user/query   r:/user/query/*
2023/06/02 16:55:20.582 [D] [server.go:2916]  |            ::1|[42m 200 [0m|     9.5249ms|   match|[44m GET     [0m /home/index   r:/home/index/*
2023/06/02 16:55:22.130 [D] [server.go:2916]  |            ::1|[42m 200 [0m|      8.547ms|   match|[44m GET     [0m /user/query   r:/user/query/*
2023/06/02 16:55:29.811 [D] [server.go:2916]  |            ::1|[42m 200 [0m|     8.0665ms|   match|[44m GET     [0m /node/query   r:/node/query/*
2023/06/02 16:55:34.478 [D] [server.go:2916]  |            ::1|[42m 200 [0m|    10.3946ms|   match|[44m GET     [0m /job/query   r:/job/query/*
2023/06/02 16:55:36.799 [D] [server.go:2916]  |            ::1|[42m 200 [0m|     10.002ms|   match|[44m GET     [0m /job/create   r:/job/create/*
2023/06/02 16:55:44.583 [D] [server.go:2916]  |            ::1|[42m 200 [0m|    12.2889ms|   match|[44m GET     [0m /target/query   r:/target/query/*
2023/06/02 16:55:45.757 [D] [server.go:2916]  |            ::1|[42m 200 [0m|     8.6059ms|   match|[44m GET     [0m /target/create   r:/target/create/*
2023/06/02 16:55:54.949 [D] [server.go:2916]  |            ::1|[42m 200 [0m|    15.7423ms|   match|[44m GET     [0m /alert/query   r:/alert/query/*
2023/06/02 16:56:00.890 [D] [server.go:2916]  |            ::1|[42m 200 [0m|    12.3226ms|   match|[44m GET     [0m /job/query   r:/job/query/*
2023/06/02 16:56:03.763 [D] [server.go:2916]  |            ::1|[42m 200 [0m|     8.4986ms|   match|[44m GET     [0m /job/create   r:/job/create/*
2023/06/02 16:56:09.680 [D] [server.go:2916]  |            ::1|[42m 200 [0m|    11.5359ms|   match|[44m GET     [0m /target/query   r:/target/query/*
2023/06/02 16:56:10.965 [D] [server.go:2916]  |            ::1|[42m 200 [0m|     10.676ms|   match|[44m GET     [0m /target/create   r:/target/create/*
2023/06/02 16:56:16.773 [D] [server.go:2916]  |            ::1|[47m 302 [0m|     5.5129ms|   match|[46m POST    [0m /target/create   r:/target/create/*
2023/06/02 16:56:16.788 [D] [server.go:2916]  |            ::1|[42m 200 [0m|    11.7502ms|   match|[44m GET     [0m /target/query   r:/target/query/*
2023/06/03 22:28:19.164 [I] [asm_amd64.s:1571]  http server Running on http://:8080
2023/06/03 22:28:19.168 [I] [asm_amd64.s:1571]  https server Running on https://:443
2023/06/03 22:28:25.230 [D] [server.go:2916]  |            ::1|[42m 200 [0m|     8.5295ms|   match|[44m GET     [0m /auth/login   r:/auth/login/*
2023/06/03 22:28:25.281 [D] [server.go:2916]  |            ::1|[42m 200 [0m|     2.5648ms|   match|[44m GET     [0m /static/components/bootstrap-4.5.0/css/bootstrap.min.css
2023/06/03 22:28:25.286 [D] [server.go:2916]  |            ::1|[42m 200 [0m|      837.2µs|   match|[44m GET     [0m /static/css/login.css
2023/06/03 22:28:25.381 [D] [server.go:2916]  |            ::1|[43m 404 [0m|     2.8476ms| nomatch|[44m GET     [0m /favicon.ico
2023/06/03 22:28:42.162 [I] [auth.go:48]  用户认证成功: admin 
2023/06/03 22:28:42.163 [D] [server.go:2916]  |            ::1|[47m 302 [0m|   116.9361ms|   match|[46m POST    [0m /auth/login   r:/auth/login/*
2023/06/03 22:28:42.183 [D] [server.go:2916]  |            ::1|[42m 200 [0m|    15.9608ms|   match|[44m GET     [0m /user/query   r:/user/query/*
2023/06/03 22:28:42.220 [D] [server.go:2916]  |            ::1|[42m 200 [0m|           0s|   match|[44m GET     [0m /static/components/jquery/jquery-3.5.1.min.js
2023/06/03 22:28:42.220 [D] [server.go:2916]  |            ::1|[42m 200 [0m|           0s|   match|[44m GET     [0m /static/css/layout.css
2023/06/03 22:28:42.224 [D] [server.go:2916]  |            ::1|[42m 200 [0m|     2.1048ms|   match|[44m GET     [0m /static/components/bootstrap-4.5.0/js/bootstrap.bundle.min.js
2023/06/03 22:28:45.050 [D] [server.go:2916]  |            ::1|[42m 200 [0m|    32.1501ms|   match|[44m GET     [0m /node/query   r:/node/query/*
2023/06/03 22:28:47.251 [D] [server.go:2916]  |            ::1|[42m 200 [0m|    25.0144ms|   match|[44m GET     [0m /target/query   r:/target/query/*
2023/06/03 22:28:50.606 [D] [server.go:2916]  |            ::1|[42m 200 [0m|    20.8456ms|   match|[44m GET     [0m /job/query   r:/job/query/*
2023/06/03 22:28:52.186 [D] [server.go:2916]  |            ::1|[42m 200 [0m|    23.2451ms|   match|[44m GET     [0m /alert/query   r:/alert/query/*
2023/06/03 22:28:54.277 [D] [server.go:2916]  |            ::1|[42m 200 [0m|    18.1108ms|   match|[44m GET     [0m /target/query   r:/target/query/*
2023/06/03 22:28:55.164 [D] [server.go:2916]  |            ::1|[42m 200 [0m|    17.1751ms|   match|[44m GET     [0m /target/create   r:/target/create/*
2023/06/03 22:29:04.280 [D] [server.go:2916]  |            ::1|[42m 200 [0m|    19.7771ms|   match|[44m GET     [0m /node/query   r:/node/query/*
2023/06/03 22:29:05.701 [D] [server.go:2916]  |            ::1|[42m 200 [0m|     17.111ms|   match|[44m GET     [0m /node/query   r:/node/query/*
2023/06/03 22:29:06.041 [D] [server.go:2916]  |            ::1|[42m 200 [0m|    11.0342ms|   match|[44m GET     [0m /node/query   r:/node/query/*
2023/06/03 22:29:10.395 [D] [server.go:2916]  |            ::1|[42m 200 [0m|     17.483ms|   match|[44m GET     [0m /job/query   r:/job/query/*
2023/06/03 22:29:11.982 [D] [server.go:2916]  |            ::1|[42m 200 [0m|    20.6952ms|   match|[44m GET     [0m /job/create   r:/job/create/*
2023/06/03 22:29:16.585 [D] [server.go:2916]  |            ::1|[42m 200 [0m|    24.3445ms|   match|[44m GET     [0m /target/query   r:/target/query/*
2023/06/03 22:29:17.552 [D] [server.go:2916]  |            ::1|[42m 200 [0m|    11.7656ms|   match|[44m GET     [0m /target/create   r:/target/create/*
2023/06/03 22:29:39.024 [D] [server.go:2916]  |            ::1|[47m 302 [0m|    11.3245ms|   match|[46m POST    [0m /target/create   r:/target/create/*
2023/06/03 22:29:39.043 [D] [server.go:2916]  |            ::1|[42m 200 [0m|    14.3012ms|   match|[44m GET     [0m /target/query   r:/target/query/*
2023/06/03 22:29:42.941 [D] [server.go:2916]  |            ::1|[42m 200 [0m|    16.2229ms|   match|[44m GET     [0m /target/query   r:/target/query/*
2023/06/03 22:29:43.567 [D] [server.go:2916]  |            ::1|[42m 200 [0m|    22.2143ms|   match|[44m GET     [0m /target/create   r:/target/create/*
2023/06/03 22:29:51.919 [D] [server.go:2916]  |            ::1|[47m 302 [0m|     8.5012ms|   match|[46m POST    [0m /target/create   r:/target/create/*
2023/06/03 22:29:51.941 [D] [server.go:2916]  |            ::1|[42m 200 [0m|    11.4454ms|   match|[44m GET     [0m /target/query   r:/target/query/*
2023/06/03 22:29:54.602 [D] [server.go:2916]  |            ::1|[42m 200 [0m|    24.7784ms|   match|[44m GET     [0m /job/query   r:/job/query/*
2023/06/03 22:29:55.761 [D] [server.go:2916]  |            ::1|[42m 200 [0m|    15.4553ms|   match|[44m GET     [0m /job/create   r:/job/create/*
2023/06/03 22:30:01.476 [D] [server.go:2916]  |            ::1|[42m 200 [0m|    25.9322ms|   match|[44m GET     [0m /alert/query   r:/alert/query/*
2023/06/03 22:30:03.814 [D] [server.go:2916]  |            ::1|[42m 200 [0m|    22.2412ms|   match|[44m GET     [0m /node/query   r:/node/query/*
2023/06/03 22:31:33.292 [D] [server.go:2916]  |            ::1|[42m 200 [0m|    17.9534ms|   match|[44m GET     [0m /job/query   r:/job/query/*
2023/06/03 22:31:36.516 [D] [server.go:2916]  |            ::1|[42m 200 [0m|    18.8911ms|   match|[44m GET     [0m /target/query   r:/target/query/*
2023/06/03 22:31:37.762 [D] [server.go:2916]  |            ::1|[42m 200 [0m|    24.1716ms|   match|[44m GET     [0m /alert/query   r:/alert/query/*
2023/06/03 22:31:40.838 [D] [server.go:2916]  |            ::1|[42m 200 [0m|    21.0928ms|   match|[44m GET     [0m /target/query   r:/target/query/*
2023/06/03 22:31:42.363 [D] [server.go:2916]  |            ::1|[42m 200 [0m|     18.028ms|   match|[44m GET     [0m /target/create   r:/target/create/*
2023/06/03 22:33:10.836 [D] [server.go:2916]  |            ::1|[42m 200 [0m|    18.2871ms|   match|[44m GET     [0m /node/query   r:/node/query/*
